  ZombieArena.cpp
c:\users\stin\desktop\visual studio stuff\projects\zombiearena\zombiearena\zombiearena.cpp(23): warning C4244: '=': conversion from 'unsigned int' to 'float', possible loss of data
c:\users\stin\desktop\visual studio stuff\projects\zombiearena\zombiearena\zombiearena.cpp(24): warning C4244: '=': conversion from 'unsigned int' to 'float', possible loss of data
c:\users\stin\desktop\visual studio stuff\projects\zombiearena\zombiearena\zombiearena.cpp(27): warning C4244: 'argument': conversion from 'float' to 'unsigned int', possible loss of data
  Player.cpp
c:\users\stin\desktop\visual studio stuff\projects\zombiearena\zombiearena\player.cpp(13): warning C4244: '=': conversion from 'const float' to 'int', possible loss of data
c:\users\stin\desktop\visual studio stuff\projects\zombiearena\zombiearena\player.cpp(14): warning C4244: '=': conversion from 'const float' to 'int', possible loss of data
c:\users\stin\desktop\visual studio stuff\projects\zombiearena\zombiearena\player.cpp(22): warning C4244: '=': conversion from 'int' to 'float', possible loss of data
c:\users\stin\desktop\visual studio stuff\projects\zombiearena\zombiearena\player.cpp(23): warning C4244: '=': conversion from 'int' to 'float', possible loss of data
c:\users\stin\desktop\visual studio stuff\projects\zombiearena\zombiearena\player.cpp(40): warning C4244: '=': conversion from 'const float' to 'int', possible loss of data
c:\users\stin\desktop\visual studio stuff\projects\zombiearena\zombiearena\player.cpp(41): warning C4244: '=': conversion from 'const float' to 'int', possible loss of data
c:\users\stin\desktop\visual studio stuff\projects\zombiearena\zombiearena\player.cpp(119): warning C4244: '=': conversion from 'int' to 'float', possible loss of data
c:\users\stin\desktop\visual studio stuff\projects\zombiearena\zombiearena\player.cpp(122): warning C4244: '=': conversion from 'int' to 'float', possible loss of data
c:\users\stin\desktop\visual studio stuff\projects\zombiearena\zombiearena\player.cpp(125): warning C4244: '=': conversion from 'int' to 'float', possible loss of data
c:\users\stin\desktop\visual studio stuff\projects\zombiearena\zombiearena\player.cpp(128): warning C4244: '=': conversion from 'int' to 'float', possible loss of data
c:\users\stin\desktop\visual studio stuff\projects\zombiearena\zombiearena\player.cpp(132): warning C4244: 'initializing': conversion from 'double' to 'float', possible loss of data
c:\users\stin\desktop\visual studio stuff\projects\zombiearena\zombiearena\player.cpp(139): warning C4244: '+=': conversion from 'double' to 'float', possible loss of data
c:\users\stin\desktop\visual studio stuff\projects\zombiearena\zombiearena\player.cpp(144): warning C4244: '+=': conversion from 'double' to 'int', possible loss of data
  CreateBackground.cpp
c:\users\stin\desktop\visual studio stuff\projects\zombiearena\zombiearena\createbackground.cpp(22): warning C4244: 'argument': conversion from 'int' to 'float', possible loss of data
c:\users\stin\desktop\visual studio stuff\projects\zombiearena\zombiearena\createbackground.cpp(23): warning C4244: 'argument': conversion from 'int' to 'float', possible loss of data
c:\users\stin\desktop\visual studio stuff\projects\zombiearena\zombiearena\createbackground.cpp(24): warning C4244: 'argument': conversion from 'int' to 'float', possible loss of data
c:\users\stin\desktop\visual studio stuff\projects\zombiearena\zombiearena\createbackground.cpp(25): warning C4244: 'argument': conversion from 'int' to 'float', possible loss of data
c:\users\stin\desktop\visual studio stuff\projects\zombiearena\zombiearena\createbackground.cpp(29): warning C4244: 'argument': conversion from 'const int' to 'float', possible loss of data
c:\users\stin\desktop\visual studio stuff\projects\zombiearena\zombiearena\createbackground.cpp(30): warning C4244: 'argument': conversion from 'const int' to 'float', possible loss of data
c:\users\stin\desktop\visual studio stuff\projects\zombiearena\zombiearena\createbackground.cpp(38): warning C4244: 'argument': conversion from 'int' to 'float', possible loss of data
c:\users\stin\desktop\visual studio stuff\projects\zombiearena\zombiearena\createbackground.cpp(39): warning C4244: 'argument': conversion from 'int' to 'float', possible loss of data
c:\users\stin\desktop\visual studio stuff\projects\zombiearena\zombiearena\createbackground.cpp(39): warning C4244: 'argument': conversion from 'const int' to 'float', possible loss of data
c:\users\stin\desktop\visual studio stuff\projects\zombiearena\zombiearena\createbackground.cpp(40): warning C4244: 'argument': conversion from 'int' to 'float', possible loss of data
c:\users\stin\desktop\visual studio stuff\projects\zombiearena\zombiearena\createbackground.cpp(40): warning C4244: 'argument': conversion from 'const int' to 'float', possible loss of data
c:\users\stin\desktop\visual studio stuff\projects\zombiearena\zombiearena\createbackground.cpp(41): warning C4244: 'argument': conversion from 'int' to 'float', possible loss of data
  Generating Code...
  LINK : C:\Users\Stin\Desktop\Visual Studio Stuff\Projects\ZombieArena\Debug\ZombieArena.exe not found or not built by the last incremental link; performing full link
  ZombieArena.vcxproj -> C:\Users\Stin\Desktop\Visual Studio Stuff\Projects\ZombieArena\Debug\ZombieArena.exe
  ZombieArena.vcxproj -> C:\Users\Stin\Desktop\Visual Studio Stuff\Projects\ZombieArena\Debug\ZombieArena.pdb (Full PDB)
