  CreateBackground.cpp
c:\users\stin\desktop\visual studio stuff\projects\zombiearena\zombiearena\createbackground.cpp(22): warning C4244: 'argument': conversion from 'int' to 'float', possible loss of data
c:\users\stin\desktop\visual studio stuff\projects\zombiearena\zombiearena\createbackground.cpp(23): warning C4244: 'argument': conversion from 'int' to 'float', possible loss of data
c:\users\stin\desktop\visual studio stuff\projects\zombiearena\zombiearena\createbackground.cpp(24): warning C4244: 'argument': conversion from 'int' to 'float', possible loss of data
c:\users\stin\desktop\visual studio stuff\projects\zombiearena\zombiearena\createbackground.cpp(25): warning C4244: 'argument': conversion from 'int' to 'float', possible loss of data
c:\users\stin\desktop\visual studio stuff\projects\zombiearena\zombiearena\createbackground.cpp(29): warning C4244: 'argument': conversion from 'const int' to 'float', possible loss of data
c:\users\stin\desktop\visual studio stuff\projects\zombiearena\zombiearena\createbackground.cpp(30): warning C4244: 'argument': conversion from 'const int' to 'float', possible loss of data
c:\users\stin\desktop\visual studio stuff\projects\zombiearena\zombiearena\createbackground.cpp(38): warning C4244: 'argument': conversion from 'int' to 'float', possible loss of data
c:\users\stin\desktop\visual studio stuff\projects\zombiearena\zombiearena\createbackground.cpp(39): warning C4244: 'argument': conversion from 'int' to 'float', possible loss of data
c:\users\stin\desktop\visual studio stuff\projects\zombiearena\zombiearena\createbackground.cpp(39): warning C4244: 'argument': conversion from 'const int' to 'float', possible loss of data
c:\users\stin\desktop\visual studio stuff\projects\zombiearena\zombiearena\createbackground.cpp(40): warning C4244: 'argument': conversion from 'int' to 'float', possible loss of data
c:\users\stin\desktop\visual studio stuff\projects\zombiearena\zombiearena\createbackground.cpp(40): warning C4244: 'argument': conversion from 'const int' to 'float', possible loss of data
c:\users\stin\desktop\visual studio stuff\projects\zombiearena\zombiearena\createbackground.cpp(41): warning C4244: 'argument': conversion from 'int' to 'float', possible loss of data
CreateBackground.obj : error LNK2019: unresolved external symbol "__declspec(dllimport) public: class sf::Vertex & __cdecl sf::VertexArray::operator[](unsigned __int64)" (__imp_??AVertexArray@sf@@QEAAAEAVVertex@1@_K@Z) referenced in function "int __cdecl createBackground(class sf::VertexArray &,class sf::Rect<int>)" (?createBackground@@YAHAEAVVertexArray@sf@@V?$Rect@H@2@@Z)
CreateBackground.obj : error LNK2019: unresolved external symbol "__declspec(dllimport) public: void __cdecl sf::VertexArray::resize(unsigned __int64)" (__imp_?resize@VertexArray@sf@@QEAAX_K@Z) referenced in function "int __cdecl createBackground(class sf::VertexArray &,class sf::Rect<int>)" (?createBackground@@YAHAEAVVertexArray@sf@@V?$Rect@H@2@@Z)
CreateBackground.obj : error LNK2019: unresolved external symbol "__declspec(dllimport) public: void __cdecl sf::VertexArray::setPrimitiveType(enum sf::PrimitiveType)" (__imp_?setPrimitiveType@VertexArray@sf@@QEAAXW4PrimitiveType@2@@Z) referenced in function "int __cdecl createBackground(class sf::VertexArray &,class sf::Rect<int>)" (?createBackground@@YAHAEAVVertexArray@sf@@V?$Rect@H@2@@Z)
Player.obj : error LNK2019: unresolved external symbol "__declspec(dllimport) public: __cdecl sf::Time::Time(void)" (__imp_??0Time@sf@@QEAA@XZ) referenced in function "public: __cdecl Player::Player(void)" (??0Player@@QEAA@XZ)
Player.obj : error LNK2019: unresolved external symbol "__declspec(dllimport) public: int __cdecl sf::Time::asMilliseconds(void)const " (__imp_?asMilliseconds@Time@sf@@QEBAHXZ) referenced in function "public: bool __cdecl Player::hit(class sf::Time)" (?hit@Player@@QEAA_NVTime@sf@@@Z)
Player.obj : error LNK2019: unresolved external symbol "__declspec(dllimport) public: void __cdecl sf::Transformable::setPosition(class sf::Vector2<float> const &)" (__imp_?setPosition@Transformable@sf@@QEAAXAEBV?$Vector2@M@2@@Z) referenced in function "public: void __cdecl Player::update(float,class sf::Vector2<int>)" (?update@Player@@QEAAXMV?$Vector2@H@sf@@@Z)
Player.obj : error LNK2019: unresolved external symbol "__declspec(dllimport) public: void __cdecl sf::Transformable::setRotation(float)" (__imp_?setRotation@Transformable@sf@@QEAAXM@Z) referenced in function "public: void __cdecl Player::update(float,class sf::Vector2<int>)" (?update@Player@@QEAAXMV?$Vector2@H@sf@@@Z)
Player.obj : error LNK2019: unresolved external symbol "__declspec(dllimport) public: void __cdecl sf::Transformable::setOrigin(float,float)" (__imp_?setOrigin@Transformable@sf@@QEAAXMM@Z) referenced in function "public: __cdecl Player::Player(void)" (??0Player@@QEAA@XZ)
Player.obj : error LNK2019: unresolved external symbol "__declspec(dllimport) public: float __cdecl sf::Transformable::getRotation(void)const " (__imp_?getRotation@Transformable@sf@@QEBAMXZ) referenced in function "public: float __cdecl Player::getRotation(void)" (?getRotation@Player@@QEAAMXZ)
Player.obj : error LNK2019: unresolved external symbol "__declspec(dllimport) public: __cdecl sf::Texture::Texture(void)" (__imp_??0Texture@sf@@QEAA@XZ) referenced in function "public: __cdecl Player::Player(void)" (??0Player@@QEAA@XZ)
Player.obj : error LNK2019: unresolved external symbol "__declspec(dllimport) public: __cdecl sf::Texture::~Texture(void)" (__imp_??1Texture@sf@@QEAA@XZ) referenced in function "int `public: __cdecl Player::Player(void)'::`1'::dtor$0" (?dtor$0@?0???0Player@@QEAA@XZ@4HA)
Player.obj : error LNK2019: unresolved external symbol "__declspec(dllimport) public: bool __cdecl sf::Texture::loadFromFile(class std::basic_string<char,struct std::char_traits<char>,class std::allocator<char> > const &,class sf::Rect<int> const &)" (__imp_?loadFromFile@Texture@sf@@QEAA_NAEBV?$basic_string@DU?$char_traits@D@std@@V?$allocator@D@2@@std@@AEBV?$Rect@H@2@@Z) referenced in function "public: __cdecl Player::Player(void)" (??0Player@@QEAA@XZ)
Player.obj : error LNK2019: unresolved external symbol "__declspec(dllimport) public: __cdecl sf::Sprite::Sprite(void)" (__imp_??0Sprite@sf@@QEAA@XZ) referenced in function "public: __cdecl Player::Player(void)" (??0Player@@QEAA@XZ)
Player.obj : error LNK2019: unresolved external symbol "__declspec(dllimport) public: void __cdecl sf::Sprite::setTexture(class sf::Texture const &,bool)" (__imp_?setTexture@Sprite@sf@@QEAAXAEBVTexture@2@_N@Z) referenced in function "public: __cdecl Player::Player(void)" (??0Player@@QEAA@XZ)
Player.obj : error LNK2019: unresolved external symbol "__declspec(dllimport) public: class sf::Rect<float> __cdecl sf::Sprite::getGlobalBounds(void)const " (__imp_?getGlobalBounds@Sprite@sf@@QEBA?AV?$Rect@M@2@XZ) referenced in function "public: class sf::Rect<float> __cdecl Player::getPosition(void)" (?getPosition@Player@@QEAA?AV?$Rect@M@sf@@XZ)
Player.obj : error LNK2019: unresolved external symbol "__declspec(dllimport) public: virtual __cdecl sf::Sprite::~Sprite(void)" (__imp_??1Sprite@sf@@UEAA@XZ) referenced in function "int `public: __cdecl Player::Player(void)'::`1'::dtor$1" (?dtor$1@?0???0Player@@QEAA@XZ@4HA)
Player.obj : error LNK2019: unresolved external symbol "__declspec(dllimport) public: __cdecl sf::Sprite::Sprite(class sf::Sprite const &)" (__imp_??0Sprite@sf@@QEAA@AEBV01@@Z) referenced in function "public: class sf::Sprite __cdecl Player::getSprite(void)" (?getSprite@Player@@QEAA?AVSprite@sf@@XZ)
C:\Program Files (x86)\SFML\lib\sfml-graphics-d.lib : warning LNK4272: library machine type 'X86' conflicts with target machine type 'x64'
C:\Program Files (x86)\SFML\lib\sfml-window-d.lib : warning LNK4272: library machine type 'X86' conflicts with target machine type 'x64'
C:\Program Files (x86)\SFML\lib\sfml-system-d.lib : warning LNK4272: library machine type 'X86' conflicts with target machine type 'x64'
C:\Program Files (x86)\SFML\lib\sfml-network-d.lib : warning LNK4272: library machine type 'X86' conflicts with target machine type 'x64'
C:\Program Files (x86)\SFML\lib\sfml-audio-d.lib : warning LNK4272: library machine type 'X86' conflicts with target machine type 'x64'
C:\Users\Stin\Desktop\Visual Studio Stuff\Projects\ZombieArena\x64\Debug\ZombieArena.exe : fatal error LNK1120: 17 unresolved externals
